<!DOCTYPE html PUBLIC "-//W3C//DTD XHTML 1.1//EN" "http://www.w3.org/TR/xhtml11/DTD/xhtml11.dtd">
<html xmlns="http://www.w3.org/1999/xhtml"><head><title>TestNG Report</title><style type="text/css">table {margin-bottom:10px;border-collapse:collapse;empty-cells:show}th,td {border:1px solid #009;padding:.25em .5em}th {vertical-align:bottom}td {vertical-align:top}table a {font-weight:bold}.stripe td {background-color: #E6EBF9}.num {text-align:right}.passedodd td {background-color: #3F3}.passedeven td {background-color: #0A0}.skippedodd td {background-color: #DDD}.skippedeven td {background-color: #CCC}.failedodd td,.attn {background-color: #F33}.failedeven td,.stripe .attn {background-color: #D00}.stacktrace {white-space:pre;font-family:monospace}.totop {font-size:85%;text-align:center;border-bottom:2px solid #000}</style></head><body><table><tr><th>Test</th><th># Passed</th><th># Skipped</th><th># Failed</th><th>Time (ms)</th><th>Included Groups</th><th>Excluded Groups</th></tr><tr><th colspan="7">Eit-Track</th></tr><tr><td><a href="#t0">Login_TestCase</a></td><td class="num">2</td><td class="num">0</td><td class="num attn">12</td><td class="num">384,382</td><td></td><td></td></tr></table><table><thead><tr><th>Class</th><th>Method</th><th>Start</th><th>Time (ms)</th></tr></thead><tbody><tr><th colspan="4">Eit-Track</th></tr></tbody><tbody id="t0"><tr><th colspan="4">Login_TestCase &#8212; failed</th></tr><tr class="failedeven"><td rowspan="12">com.eit.stepdefinition.Login_page_test_case</td><td><a href="#m0">Arabic_Forget_password_Entering_invalid_Email_ID_and_clicking_Submit_button_3_times_sequentially_and_after_that_enter_valid_Email_Id_and_click_Submit_enter_the_received_password_and_Click_login</a></td><td rowspan="2">1583399329921</td><td rowspan="2">1808</td></tr><tr class="failedeven"><td><a href="#m1">Arabic_Forget_password_Entering_invalid_Email_ID_and_clicking_Submit_button_3_times_sequentially_and_after_that_enter_valid_Email_Id_and_click_Submit_enter_the_received_password_and_Click_login</a></td></tr><tr class="failedeven"><td><a href="#m2">Arabic_Valid_Login</a></td><td rowspan="2">1583399127994</td><td rowspan="2">1810</td></tr><tr class="failedeven"><td><a href="#m3">Arabic_Valid_Login</a></td></tr><tr class="failedeven"><td><a href="#m4">English_Forget_password_Entering_invalid_Email_ID_and_clicking_Submit_button_3_times_sequentially_and_after_that_enter_valid_Email_Id_and_click_Submit_enter_the_received_password_and_Click_login</a></td><td rowspan="2">1583399284636</td><td rowspan="2">2446</td></tr><tr class="failedeven"><td><a href="#m5">English_Forget_password_Entering_invalid_Email_ID_and_clicking_Submit_button_3_times_sequentially_and_after_that_enter_valid_Email_Id_and_click_Submit_enter_the_received_password_and_Click_login</a></td></tr><tr class="failedeven"><td><a href="#m6">English_Login_with_incorrect_Password</a></td><td rowspan="2">1583399063446</td><td rowspan="2">3069</td></tr><tr class="failedeven"><td><a href="#m7">English_Login_with_incorrect_Password</a></td></tr><tr class="failedeven"><td><a href="#m8">English_and_Arabic_ForgetPassword_with_incorrect_Corporate_ID_or_User_name</a></td><td rowspan="2">1583399214862</td><td rowspan="2">2483</td></tr><tr class="failedeven"><td><a href="#m9">English_and_Arabic_ForgetPassword_with_incorrect_Corporate_ID_or_User_name</a></td></tr><tr class="failedeven"><td><a href="#m10">English_and_Arabic_Login_with_incorrect_Corporate_ID_or_User_name</a></td><td rowspan="2">1583398972540</td><td rowspan="2">2788</td></tr><tr class="failedeven"><td><a href="#m11">English_and_Arabic_Login_with_incorrect_Corporate_ID_or_User_name</a></td></tr><tr><th colspan="4">Login_TestCase &#8212; passed</th></tr><tr class="passedeven"><td rowspan="2">com.eit.stepdefinition.Login_page_test_case</td><td><a href="#m12">English_Valid_Login</a></td><td rowspan="1">1583399097654</td><td rowspan="1">11461</td></tr><tr class="passedeven"><td><a href="#m13">English_and_Arabic_Login_RememeberMe</a></td><td rowspan="1">1583399171732</td><td rowspan="1">24205</td></tr></tbody></table><h2>Login_TestCase</h2><h3 id="m0">com.eit.stepdefinition.Login_page_test_case#Arabic_Forget_password_Entering_invalid_Email_ID_and_clicking_Submit_button_3_times_sequentially_and_after_that_enter_valid_Email_Id_and_click_Submit_enter_the_received_password_and_Click_login</h3><table class="result"><tr class="param"><th>Parameter #1</th><th>Parameter #2</th><th>Parameter #3</th></tr><tr class="param stripe"><td>demo</td><td>demo-ca</td><td>Jagadeshan@eitworks.com</td></tr><tr><th colspan="3">Exception</th></tr><tr><td colspan="3"><div class="stacktrace">org.openqa.selenium.ElementNotInteractableException: element not interactable
  (Session info: chrome=80.0.3987.122)
Build info: version: &apos;4.0.0-alpha-2&apos;, revision: &apos;f148142cf8&apos;, time: &apos;2019-07-01T20:55:26&apos;
System info: host: &apos;DESKTOP-D4SHPE1&apos;, ip: &apos;192.168.1.102&apos;, os.name: &apos;Windows 10&apos;, os.arch: &apos;amd64&apos;, os.version: &apos;10.0&apos;, java.version: &apos;1.8.0_181&apos;
Driver info: org.openqa.selenium.chrome.ChromeDriver
Capabilities {acceptInsecureCerts: false, browserName: chrome, browserVersion: 80.0.3987.122, chrome: {chromedriverVersion: 80.0.3987.16 (320f6526c1632..., userDataDir: C:\Users\EIT-JA~1\AppData\L...}, goog:chromeOptions: {debuggerAddress: localhost:55889}, javascriptEnabled: true, networkConnectionEnabled: false, pageLoadStrategy: normal, platform: WINDOWS, platformName: WINDOWS, proxy: Proxy(), setWindowRect: true, strictFileInteractability: false, timeouts: {implicit: 0, pageLoad: 300000, script: 30000}, unhandledPromptBehavior: dismiss and notify}
Session ID: da2421bd06c12506006d5fa62a286ce8
	at org.openqa.selenium.remote.codec.w3c.W3CHttpResponseCodec.createException(W3CHttpResponseCodec.java:191)
	at org.openqa.selenium.remote.codec.w3c.W3CHttpResponseCodec.decode(W3CHttpResponseCodec.java:125)
	at org.openqa.selenium.remote.codec.w3c.W3CHttpResponseCodec.decode(W3CHttpResponseCodec.java:52)
	at org.openqa.selenium.remote.HttpCommandExecutor.execute(HttpCommandExecutor.java:161)
	at org.openqa.selenium.remote.service.DriverCommandExecutor.execute(DriverCommandExecutor.java:83)
	at org.openqa.selenium.remote.RemoteWebDriver.execute(RemoteWebDriver.java:576)
	at org.openqa.selenium.remote.RemoteWebElement.execute(RemoteWebElement.java:308)
	at org.openqa.selenium.remote.RemoteWebElement.sendKeys(RemoteWebElement.java:107)
	at org.openqa.selenium.support.pagefactory.internal.LocatingElementHandler.invoke(LocatingElementHandler.java:52)
	at com.sun.proxy.$Proxy10.sendKeys(Unknown Source)
	at com.eit.resource.base.send(base.java:59)
	at com.eit.stepdefinition.Login_page_test_case.Arabic_Forget_password_Entering_invalid_Email_ID_and_clicking_Submit_button_3_times_sequentially_and_after_that_enter_valid_Email_Id_and_click_Submit_enter_the_received_password_and_Click_login(Login_page_test_case.java:238)
... Removed 31 stack frames</div></td></tr></table><p class="totop"><a href="#summary">back to summary</a></p><h3 id="m1">com.eit.stepdefinition.Login_page_test_case#Arabic_Forget_password_Entering_invalid_Email_ID_and_clicking_Submit_button_3_times_sequentially_and_after_that_enter_valid_Email_Id_and_click_Submit_enter_the_received_password_and_Click_login</h3><table class="result"><tr class="param"><th>Parameter #1</th><th>Parameter #2</th><th>Parameter #3</th></tr><tr class="param stripe"><td>demo</td><td>demo-ca</td><td>Jagadeshan@eitworks.com</td></tr><tr><th colspan="3">Exception</th></tr><tr><td colspan="3"><div class="stacktrace">java.lang.AssertionError: expected [true] but found [false]
	at com.eit.stepdefinition.Login_page_test_case.Arabic_Forget_password_Entering_invalid_Email_ID_and_clicking_Submit_button_3_times_sequentially_and_after_that_enter_valid_Email_Id_and_click_Submit_enter_the_received_password_and_Click_login(Login_page_test_case.java:242)
... Removed 28 stack frames</div></td></tr></table><p class="totop"><a href="#summary">back to summary</a></p><h3 id="m2">com.eit.stepdefinition.Login_page_test_case#Arabic_Valid_Login</h3><table class="result"><tr class="param"><th>Parameter #1</th><th>Parameter #2</th><th>Parameter #3</th></tr><tr class="param stripe"><td>demo</td><td>demo-ca</td><td>12345</td></tr><tr><th colspan="3">Exception</th></tr><tr><td colspan="3"><div class="stacktrace">org.openqa.selenium.json.JsonException: java.lang.reflect.InvocationTargetException
Build info: version: &apos;4.0.0-alpha-2&apos;, revision: &apos;f148142cf8&apos;, time: &apos;2019-07-01T20:55:26&apos;
System info: host: &apos;DESKTOP-D4SHPE1&apos;, ip: &apos;192.168.1.102&apos;, os.name: &apos;Windows 10&apos;, os.arch: &apos;amd64&apos;, os.version: &apos;10.0&apos;, java.version: &apos;1.8.0_181&apos;
Driver info: driver.version: RemoteWebDriver
	at org.openqa.selenium.json.JsonOutput.convertUsingMethod(JsonOutput.java:326)
	at org.openqa.selenium.json.JsonOutput.lambda$new$16(JsonOutput.java:148)
	at org.openqa.selenium.json.JsonOutput.write(JsonOutput.java:257)
	at org.openqa.selenium.json.JsonOutput.lambda$null$21(JsonOutput.java:161)
	at java.util.LinkedHashMap$LinkedValues.forEach(LinkedHashMap.java:608)
	at org.openqa.selenium.json.JsonOutput.lambda$new$22(JsonOutput.java:161)
	at org.openqa.selenium.json.JsonOutput.write(JsonOutput.java:257)
	at org.openqa.selenium.json.JsonOutput.lambda$null$23(JsonOutput.java:170)
	at com.google.common.collect.SingletonImmutableBiMap.forEach(SingletonImmutableBiMap.java:65)
	at org.openqa.selenium.json.JsonOutput.lambda$new$24(JsonOutput.java:169)
	at org.openqa.selenium.json.JsonOutput.write(JsonOutput.java:257)
	at org.openqa.selenium.json.JsonOutput.write(JsonOutput.java:248)
	at org.openqa.selenium.json.Json.toJson(Json.java:42)
	at org.openqa.selenium.remote.codec.AbstractHttpCommandCodec.encode(AbstractHttpCommandCodec.java:233)
	at org.openqa.selenium.remote.codec.AbstractHttpCommandCodec.encode(AbstractHttpCommandCodec.java:122)
	at org.openqa.selenium.remote.HttpCommandExecutor.execute(HttpCommandExecutor.java:155)
	at org.openqa.selenium.remote.service.DriverCommandExecutor.execute(DriverCommandExecutor.java:83)
	at org.openqa.selenium.remote.RemoteWebDriver.execute(RemoteWebDriver.java:576)
	at org.openqa.selenium.remote.RemoteWebDriver.perform(RemoteWebDriver.java:646)
	at org.openqa.selenium.interactions.Actions$BuiltAction.perform(Actions.java:613)
	at com.eit.resource.base.clickaction(base.java:67)
	at com.eit.stepdefinition.Login_page_test_case.Arabic_Valid_Login(Login_page_test_case.java:97)
	Suppressed: org.openqa.selenium.json.JsonException: Attempting to close incomplete json stream
Build info: version: &apos;4.0.0-alpha-2&apos;, revision: &apos;f148142cf8&apos;, time: &apos;2019-07-01T20:55:26&apos;
System info: host: &apos;DESKTOP-D4SHPE1&apos;, ip: &apos;192.168.1.102&apos;, os.name: &apos;Windows 10&apos;, os.arch: &apos;amd64&apos;, os.version: &apos;10.0&apos;, java.version: &apos;1.8.0_181&apos;
Driver info: driver.version: RemoteWebDriver
		at org.openqa.selenium.json.JsonOutput.close(JsonOutput.java:273)
		at org.openqa.selenium.json.Json.toJson(Json.java:44)
		... 33 more
	at org.openqa.selenium.json.JsonOutput.convertUsingMethod(JsonOutput.java:322)
	... 45 more
Caused by: org.openqa.selenium.NoSuchElementException: no such element: Unable to locate element: {&quot;method&quot;:&quot;css selector&quot;,&quot;selector&quot;:&quot;#loginbtn&quot;}
  (Session info: chrome=80.0.3987.122)
For documentation on this error, please visit: https://www.seleniumhq.org/exceptions/no_such_element.html
Build info: version: &apos;4.0.0-alpha-2&apos;, revision: &apos;f148142cf8&apos;, time: &apos;2019-07-01T20:55:26&apos;
System info: host: &apos;DESKTOP-D4SHPE1&apos;, ip: &apos;192.168.1.102&apos;, os.name: &apos;Windows 10&apos;, os.arch: &apos;amd64&apos;, os.version: &apos;10.0&apos;, java.version: &apos;1.8.0_181&apos;
Driver info: org.openqa.selenium.chrome.ChromeDriver
Capabilities {acceptInsecureCerts: false, browserName: chrome, browserVersion: 80.0.3987.122, chrome: {chromedriverVersion: 80.0.3987.16 (320f6526c1632..., userDataDir: C:\Users\EIT-JA~1\AppData\L...}, goog:chromeOptions: {debuggerAddress: localhost:55476}, javascriptEnabled: true, networkConnectionEnabled: false, pageLoadStrategy: normal, platform: WINDOWS, platformName: WINDOWS, proxy: Proxy(), setWindowRect: true, strictFileInteractability: false, timeouts: {implicit: 0, pageLoad: 300000, script: 30000}, unhandledPromptBehavior: dismiss and notify}
Session ID: 3b1f0cfeed885f80c483bd946a9c271e
*** Element info: {Using=id, value=loginbtn}
	at org.openqa.selenium.remote.codec.w3c.W3CHttpResponseCodec.createException(W3CHttpResponseCodec.java:191)
	at org.openqa.selenium.remote.codec.w3c.W3CHttpResponseCodec.decode(W3CHttpResponseCodec.java:125)
	at org.openqa.selenium.remote.codec.w3c.W3CHttpResponseCodec.decode(W3CHttpResponseCodec.java:52)
	at org.openqa.selenium.remote.HttpCommandExecutor.execute(HttpCommandExecutor.java:161)
	at org.openqa.selenium.remote.service.DriverCommandExecutor.execute(DriverCommandExecutor.java:83)
	at org.openqa.selenium.remote.RemoteWebDriver.execute(RemoteWebDriver.java:576)
	at org.openqa.selenium.remote.RemoteWebDriver.findElement(RemoteWebDriver.java:327)
	at org.openqa.selenium.remote.RemoteWebDriver.findElementById(RemoteWebDriver.java:375)
	at org.openqa.selenium.By$ById.findElement(By.java:188)
	at org.openqa.selenium.remote.RemoteWebDriver.findElement(RemoteWebDriver.java:319)
	at org.openqa.selenium.support.pagefactory.DefaultElementLocator.findElement(DefaultElementLocator.java:70)
	at org.openqa.selenium.support.pagefactory.internal.LocatingElementHandler.invoke(LocatingElementHandler.java:39)
	at com.sun.proxy.$Proxy10.getWrappedElement(Unknown Source)
	at org.openqa.selenium.interactions.PointerInput$Origin.asArg(PointerInput.java:204)
	at org.openqa.selenium.interactions.PointerInput$Move.encode(PointerInput.java:155)
	at org.openqa.selenium.interactions.Sequence.encode(Sequence.java:73)
	at org.openqa.selenium.interactions.Sequence.toJson(Sequence.java:82)
	... 50 more
... Removed 33 stack frames</div></td></tr></table><p class="totop"><a href="#summary">back to summary</a></p><h3 id="m3">com.eit.stepdefinition.Login_page_test_case#Arabic_Valid_Login</h3><table class="result"><tr class="param"><th>Parameter #1</th><th>Parameter #2</th><th>Parameter #3</th></tr><tr class="param stripe"><td>demo</td><td>demo-ca</td><td>12345</td></tr><tr><th colspan="3">Exception</th></tr><tr><td colspan="3"><div class="stacktrace">org.openqa.selenium.json.JsonException: java.lang.reflect.InvocationTargetException
Build info: version: &apos;4.0.0-alpha-2&apos;, revision: &apos;f148142cf8&apos;, time: &apos;2019-07-01T20:55:26&apos;
System info: host: &apos;DESKTOP-D4SHPE1&apos;, ip: &apos;192.168.1.102&apos;, os.name: &apos;Windows 10&apos;, os.arch: &apos;amd64&apos;, os.version: &apos;10.0&apos;, java.version: &apos;1.8.0_181&apos;
Driver info: driver.version: RemoteWebDriver
	at org.openqa.selenium.json.JsonOutput.convertUsingMethod(JsonOutput.java:326)
	at org.openqa.selenium.json.JsonOutput.lambda$new$16(JsonOutput.java:148)
	at org.openqa.selenium.json.JsonOutput.write(JsonOutput.java:257)
	at org.openqa.selenium.json.JsonOutput.lambda$null$21(JsonOutput.java:161)
	at java.util.LinkedHashMap$LinkedValues.forEach(LinkedHashMap.java:608)
	at org.openqa.selenium.json.JsonOutput.lambda$new$22(JsonOutput.java:161)
	at org.openqa.selenium.json.JsonOutput.write(JsonOutput.java:257)
	at org.openqa.selenium.json.JsonOutput.lambda$null$23(JsonOutput.java:170)
	at com.google.common.collect.SingletonImmutableBiMap.forEach(SingletonImmutableBiMap.java:65)
	at org.openqa.selenium.json.JsonOutput.lambda$new$24(JsonOutput.java:169)
	at org.openqa.selenium.json.JsonOutput.write(JsonOutput.java:257)
	at org.openqa.selenium.json.JsonOutput.write(JsonOutput.java:248)
	at org.openqa.selenium.json.Json.toJson(Json.java:42)
	at org.openqa.selenium.remote.codec.AbstractHttpCommandCodec.encode(AbstractHttpCommandCodec.java:233)
	at org.openqa.selenium.remote.codec.AbstractHttpCommandCodec.encode(AbstractHttpCommandCodec.java:122)
	at org.openqa.selenium.remote.HttpCommandExecutor.execute(HttpCommandExecutor.java:155)
	at org.openqa.selenium.remote.service.DriverCommandExecutor.execute(DriverCommandExecutor.java:83)
	at org.openqa.selenium.remote.RemoteWebDriver.execute(RemoteWebDriver.java:576)
	at org.openqa.selenium.remote.RemoteWebDriver.perform(RemoteWebDriver.java:646)
	at org.openqa.selenium.interactions.Actions$BuiltAction.perform(Actions.java:613)
	at com.eit.resource.base.clickaction(base.java:67)
	at com.eit.stepdefinition.Login_page_test_case.Arabic_Valid_Login(Login_page_test_case.java:97)
	Suppressed: org.openqa.selenium.json.JsonException: Attempting to close incomplete json stream
Build info: version: &apos;4.0.0-alpha-2&apos;, revision: &apos;f148142cf8&apos;, time: &apos;2019-07-01T20:55:26&apos;
System info: host: &apos;DESKTOP-D4SHPE1&apos;, ip: &apos;192.168.1.102&apos;, os.name: &apos;Windows 10&apos;, os.arch: &apos;amd64&apos;, os.version: &apos;10.0&apos;, java.version: &apos;1.8.0_181&apos;
Driver info: driver.version: RemoteWebDriver
		at org.openqa.selenium.json.JsonOutput.close(JsonOutput.java:273)
		at org.openqa.selenium.json.Json.toJson(Json.java:44)
		... 33 more
	at org.openqa.selenium.json.JsonOutput.convertUsingMethod(JsonOutput.java:322)
	... 45 more
Caused by: org.openqa.selenium.NoSuchElementException: no such element: Unable to locate element: {&quot;method&quot;:&quot;css selector&quot;,&quot;selector&quot;:&quot;#loginbtn&quot;}
  (Session info: chrome=80.0.3987.122)
For documentation on this error, please visit: https://www.seleniumhq.org/exceptions/no_such_element.html
Build info: version: &apos;4.0.0-alpha-2&apos;, revision: &apos;f148142cf8&apos;, time: &apos;2019-07-01T20:55:26&apos;
System info: host: &apos;DESKTOP-D4SHPE1&apos;, ip: &apos;192.168.1.102&apos;, os.name: &apos;Windows 10&apos;, os.arch: &apos;amd64&apos;, os.version: &apos;10.0&apos;, java.version: &apos;1.8.0_181&apos;
Driver info: org.openqa.selenium.chrome.ChromeDriver
Capabilities {acceptInsecureCerts: false, browserName: chrome, browserVersion: 80.0.3987.122, chrome: {chromedriverVersion: 80.0.3987.16 (320f6526c1632..., userDataDir: C:\Users\EIT-JA~1\AppData\L...}, goog:chromeOptions: {debuggerAddress: localhost:55522}, javascriptEnabled: true, networkConnectionEnabled: false, pageLoadStrategy: normal, platform: WINDOWS, platformName: WINDOWS, proxy: Proxy(), setWindowRect: true, strictFileInteractability: false, timeouts: {implicit: 0, pageLoad: 300000, script: 30000}, unhandledPromptBehavior: dismiss and notify}
Session ID: 380d7063ed396a05366ca57804674133
*** Element info: {Using=id, value=loginbtn}
	at org.openqa.selenium.remote.codec.w3c.W3CHttpResponseCodec.createException(W3CHttpResponseCodec.java:191)
	at org.openqa.selenium.remote.codec.w3c.W3CHttpResponseCodec.decode(W3CHttpResponseCodec.java:125)
	at org.openqa.selenium.remote.codec.w3c.W3CHttpResponseCodec.decode(W3CHttpResponseCodec.java:52)
	at org.openqa.selenium.remote.HttpCommandExecutor.execute(HttpCommandExecutor.java:161)
	at org.openqa.selenium.remote.service.DriverCommandExecutor.execute(DriverCommandExecutor.java:83)
	at org.openqa.selenium.remote.RemoteWebDriver.execute(RemoteWebDriver.java:576)
	at org.openqa.selenium.remote.RemoteWebDriver.findElement(RemoteWebDriver.java:327)
	at org.openqa.selenium.remote.RemoteWebDriver.findElementById(RemoteWebDriver.java:375)
	at org.openqa.selenium.By$ById.findElement(By.java:188)
	at org.openqa.selenium.remote.RemoteWebDriver.findElement(RemoteWebDriver.java:319)
	at org.openqa.selenium.support.pagefactory.DefaultElementLocator.findElement(DefaultElementLocator.java:70)
	at org.openqa.selenium.support.pagefactory.internal.LocatingElementHandler.invoke(LocatingElementHandler.java:39)
	at com.sun.proxy.$Proxy10.getWrappedElement(Unknown Source)
	at org.openqa.selenium.interactions.PointerInput$Origin.asArg(PointerInput.java:204)
	at org.openqa.selenium.interactions.PointerInput$Move.encode(PointerInput.java:155)
	at org.openqa.selenium.interactions.Sequence.encode(Sequence.java:73)
	at org.openqa.selenium.interactions.Sequence.toJson(Sequence.java:82)
	... 50 more
... Removed 33 stack frames</div></td></tr></table><p class="totop"><a href="#summary">back to summary</a></p><h3 id="m4">com.eit.stepdefinition.Login_page_test_case#English_Forget_password_Entering_invalid_Email_ID_and_clicking_Submit_button_3_times_sequentially_and_after_that_enter_valid_Email_Id_and_click_Submit_enter_the_received_password_and_Click_login</h3><table class="result"><tr class="param"><th>Parameter #1</th><th>Parameter #2</th><th>Parameter #3</th></tr><tr class="param stripe"><td>demo</td><td>demo-ca</td><td>Jagadeshan@eitworks.com</td></tr><tr><th colspan="3">Exception</th></tr><tr><td colspan="3"><div class="stacktrace">java.lang.AssertionError: English_Forget_password_Entering_invalid_Email_ID_and_clicking_Submit_button_3_times_sequentially_and_after_that_enter_valid_Email_Id_and_click_Submit_enter_the_received_password_and_Click_login Expected Result : it should show [Please Enter the Correct Registered Email Id] but it shows Enter Registered Email Id expected [true] but found [false]
	at com.eit.stepdefinition.Login_page_test_case.English_Forget_password_Entering_invalid_Email_ID_and_clicking_Submit_button_3_times_sequentially_and_after_that_enter_valid_Email_Id_and_click_Submit_enter_the_received_password_and_Click_login(Login_page_test_case.java:176)
... Removed 27 stack frames</div></td></tr></table><p class="totop"><a href="#summary">back to summary</a></p><h3 id="m5">com.eit.stepdefinition.Login_page_test_case#English_Forget_password_Entering_invalid_Email_ID_and_clicking_Submit_button_3_times_sequentially_and_after_that_enter_valid_Email_Id_and_click_Submit_enter_the_received_password_and_Click_login</h3><table class="result"><tr class="param"><th>Parameter #1</th><th>Parameter #2</th><th>Parameter #3</th></tr><tr class="param stripe"><td>demo</td><td>demo-ca</td><td>Jagadeshan@eitworks.com</td></tr><tr><th colspan="3">Exception</th></tr><tr><td colspan="3"><div class="stacktrace">java.lang.AssertionError: English_Forget_password_Entering_invalid_Email_ID_and_clicking_Submit_button_3_times_sequentially_and_after_that_enter_valid_Email_Id_and_click_Submit_enter_the_received_password_and_Click_login Expected Result : it should show [Please Enter the Correct Registered Email Id] but it shows Enter Registered Email Id expected [true] but found [false]
	at com.eit.stepdefinition.Login_page_test_case.English_Forget_password_Entering_invalid_Email_ID_and_clicking_Submit_button_3_times_sequentially_and_after_that_enter_valid_Email_Id_and_click_Submit_enter_the_received_password_and_Click_login(Login_page_test_case.java:176)
... Removed 27 stack frames</div></td></tr></table><p class="totop"><a href="#summary">back to summary</a></p><h3 id="m6">com.eit.stepdefinition.Login_page_test_case#English_Login_with_incorrect_Password</h3><table class="result"><tr class="param"><th>Parameter #1</th><th>Parameter #2</th><th>Parameter #3</th></tr><tr class="param stripe"><td>demo</td><td>demo-ca</td><td>CCCCC</td></tr><tr><th colspan="3">Exception</th></tr><tr><td colspan="3"><div class="stacktrace">java.lang.AssertionError: English_Login_with_incorrect_Password = Expected result : Enter Correct Password -&gt;But it shows :Invalid Credential expected [true] but found [false]
	at com.eit.stepdefinition.Login_page_test_case.English_Login_with_incorrect_Password(Login_page_test_case.java:60)
... Removed 27 stack frames</div></td></tr></table><p class="totop"><a href="#summary">back to summary</a></p><h3 id="m7">com.eit.stepdefinition.Login_page_test_case#English_Login_with_incorrect_Password</h3><table class="result"><tr class="param"><th>Parameter #1</th><th>Parameter #2</th><th>Parameter #3</th></tr><tr class="param stripe"><td>demo</td><td>demo-ca</td><td>CCCCC</td></tr><tr><th colspan="3">Exception</th></tr><tr><td colspan="3"><div class="stacktrace">java.lang.AssertionError: English_Login_with_incorrect_Password = Expected result : Enter Correct Password -&gt;But it shows :Invalid Credential expected [true] but found [false]
	at com.eit.stepdefinition.Login_page_test_case.English_Login_with_incorrect_Password(Login_page_test_case.java:60)
... Removed 27 stack frames</div></td></tr></table><p class="totop"><a href="#summary">back to summary</a></p><h3 id="m8">com.eit.stepdefinition.Login_page_test_case#English_and_Arabic_ForgetPassword_with_incorrect_Corporate_ID_or_User_name</h3><table class="result"><tr class="param"><th>Parameter #1</th><th>Parameter #2</th><th>Parameter #3</th></tr><tr class="param stripe"><td>AAAA</td><td>demo-ca</td><td>Jagadeshan@eitworks.com</td></tr><tr><th colspan="3">Exception</th></tr><tr><td colspan="3"><div class="stacktrace">java.lang.AssertionError: English_ForgetPassword_with_incorrect_Corporate_ID_or_User_name Expected result :It should show [Enter Correct Corporate Id or User name] but it shows Invalid Credential expected [true] but found [false]
	at com.eit.stepdefinition.Login_page_test_case.English_and_Arabic_ForgetPassword_with_incorrect_Corporate_ID_or_User_name(Login_page_test_case.java:145)
... Removed 27 stack frames</div></td></tr></table><p class="totop"><a href="#summary">back to summary</a></p><h3 id="m9">com.eit.stepdefinition.Login_page_test_case#English_and_Arabic_ForgetPassword_with_incorrect_Corporate_ID_or_User_name</h3><table class="result"><tr class="param"><th>Parameter #1</th><th>Parameter #2</th><th>Parameter #3</th></tr><tr class="param stripe"><td>AAAA</td><td>demo-ca</td><td>Jagadeshan@eitworks.com</td></tr><tr><th colspan="3">Exception</th></tr><tr><td colspan="3"><div class="stacktrace">java.lang.AssertionError: English_ForgetPassword_with_incorrect_Corporate_ID_or_User_name Expected result :It should show [Enter Correct Corporate Id or User name] but it shows Invalid Credential expected [true] but found [false]
	at com.eit.stepdefinition.Login_page_test_case.English_and_Arabic_ForgetPassword_with_incorrect_Corporate_ID_or_User_name(Login_page_test_case.java:145)
... Removed 27 stack frames</div></td></tr></table><p class="totop"><a href="#summary">back to summary</a></p><h3 id="m10">com.eit.stepdefinition.Login_page_test_case#English_and_Arabic_Login_with_incorrect_Corporate_ID_or_User_name</h3><table class="result"><tr class="param"><th>Parameter #1</th><th>Parameter #2</th><th>Parameter #3</th></tr><tr class="param stripe"><td>AAAA</td><td>demo-ca</td><td>12345</td></tr><tr><th colspan="3">Exception</th></tr><tr><td colspan="3"><div class="stacktrace">java.lang.AssertionError: English_Login_with_incorrect_Corporate_ID_or_User_name = Expected Result:Enter Correct CorporateID or User name but it shows -&gt;Invalid Credential expected [true] but found [false]
	at com.eit.stepdefinition.Login_page_test_case.English_and_Arabic_Login_with_incorrect_Corporate_ID_or_User_name(Login_page_test_case.java:36)
... Removed 27 stack frames</div></td></tr></table><p class="totop"><a href="#summary">back to summary</a></p><h3 id="m11">com.eit.stepdefinition.Login_page_test_case#English_and_Arabic_Login_with_incorrect_Corporate_ID_or_User_name</h3><table class="result"><tr class="param"><th>Parameter #1</th><th>Parameter #2</th><th>Parameter #3</th></tr><tr class="param stripe"><td>AAAA</td><td>demo-ca</td><td>12345</td></tr><tr><th colspan="3">Exception</th></tr><tr><td colspan="3"><div class="stacktrace">java.lang.AssertionError: English_Login_with_incorrect_Corporate_ID_or_User_name = Expected Result:Enter Correct CorporateID or User name but it shows -&gt;Invalid Credential expected [true] but found [false]
	at com.eit.stepdefinition.Login_page_test_case.English_and_Arabic_Login_with_incorrect_Corporate_ID_or_User_name(Login_page_test_case.java:36)
... Removed 27 stack frames</div></td></tr></table><p class="totop"><a href="#summary">back to summary</a></p><h3 id="m12">com.eit.stepdefinition.Login_page_test_case#English_Valid_Login</h3><table class="result"><tr class="param"><th>Parameter #1</th><th>Parameter #2</th><th>Parameter #3</th></tr><tr class="param stripe"><td>demo</td><td>demo-ca</td><td>12345</td></tr></table><p class="totop"><a href="#summary">back to summary</a></p><h3 id="m13">com.eit.stepdefinition.Login_page_test_case#English_and_Arabic_Login_RememeberMe</h3><table class="result"><tr class="param"><th>Parameter #1</th><th>Parameter #2</th><th>Parameter #3</th></tr><tr class="param stripe"><td>demo</td><td>demo-ca</td><td>12345</td></tr></table><p class="totop"><a href="#summary">back to summary</a></p></body></html>