<!DOCTYPE html>

<html>
  <head>
  <title>TestNG reports</title>

    <link type="text/css" href="testng-reports.css" rel="stylesheet" />  
    <script type="text/javascript" src="jquery-1.7.1.min.js"></script>
    <script type="text/javascript" src="testng-reports.js"></script>
    <script type="text/javascript" src="https://www.google.com/jsapi"></script>
    <script type='text/javascript'>
      google.load('visualization', '1', {packages:['table']});
      google.setOnLoadCallback(drawTable);
      var suiteTableInitFunctions = new Array();
      var suiteTableData = new Array();
    </script>
    <!--
      <script type="text/javascript" src="jquery-ui/js/jquery-ui-1.8.16.custom.min.js"></script>
     -->
  </head>

  <body>
    <div class="top-banner-root">
      <span class="top-banner-title-font">Test results</span>
      <br/>
      <span class="top-banner-font-1">1 suite, 12 failed tests</span>
    </div> <!-- top-banner-root -->
    <div class="navigator-root">
      <div class="navigator-suite-header">
        <span>All suites</span>
        <a href="#" class="collapse-all-link" title="Collapse/expand all the suites">
          <img class="collapse-all-icon" src="collapseall.gif">
          </img> <!-- collapse-all-icon -->
        </a> <!-- collapse-all-link -->
      </div> <!-- navigator-suite-header -->
      <div class="suite">
        <div class="rounded-window">
          <div class="suite-header light-rounded-window-top">
            <a href="#" class="navigator-link" panel-name="suite-Eit-Track">
              <span class="suite-name border-failed">Eit-Track</span>
            </a> <!-- navigator-link -->
          </div> <!-- suite-header light-rounded-window-top -->
          <div class="navigator-suite-content">
            <div class="suite-section-title">
              <span>Info</span>
            </div> <!-- suite-section-title -->
            <div class="suite-section-content">
              <ul>
                <li>
                  <a href="#" class="navigator-link " panel-name="test-xml-Eit-Track">
                    <span>E:\Eit_track\testng.xml</span>
                  </a> <!-- navigator-link  -->
                </li>
                <li>
                  <a href="#" class="navigator-link " panel-name="testlist-Eit-Track">
                    <span class="test-stats">1 test</span>
                  </a> <!-- navigator-link  -->
                </li>
                <li>
                  <a href="#" class="navigator-link " panel-name="group-Eit-Track">
                    <span>0 groups</span>
                  </a> <!-- navigator-link  -->
                </li>
                <li>
                  <a href="#" class="navigator-link " panel-name="times-Eit-Track">
                    <span>Times</span>
                  </a> <!-- navigator-link  -->
                </li>
                <li>
                  <a href="#" class="navigator-link " panel-name="reporter-Eit-Track">
                    <span>Reporter output</span>
                  </a> <!-- navigator-link  -->
                </li>
                <li>
                  <a href="#" class="navigator-link " panel-name="ignored-methods-Eit-Track">
                    <span>Ignored methods</span>
                  </a> <!-- navigator-link  -->
                </li>
                <li>
                  <a href="#" class="navigator-link " panel-name="chronological-Eit-Track">
                    <span>Chronological view</span>
                  </a> <!-- navigator-link  -->
                </li>
              </ul>
            </div> <!-- suite-section-content -->
            <div class="result-section">
              <div class="suite-section-title">
                <span>Results</span>
              </div> <!-- suite-section-title -->
              <div class="suite-section-content">
                <ul>
                  <li>
                    <span class="method-stats">14 methods, 12 failed,   2 passed</span>
                  </li>
                  <li>
                    <span class="method-list-title failed">Failed methods</span>
                    <span class="show-or-hide-methods failed">
                      <a href="#" panel-name="suite-Eit-Track" class="hide-methods failed suite-Eit-Track"> (hide)</a> <!-- hide-methods failed suite-Eit-Track -->
                      <a href="#" panel-name="suite-Eit-Track" class="show-methods failed suite-Eit-Track"> (show)</a> <!-- show-methods failed suite-Eit-Track -->
                    </span>
                    <div class="method-list-content failed suite-Eit-Track">
                      <span>
                        <img width="3%" src="failed.png"/>
                        <a href="#" class="method navigator-link" panel-name="suite-Eit-Track" title="com.eit.stepdefinition.Login_page_test_case" hash-for-method="Arabic_Forget_password_Entering_invalid_Email_ID_and_clicking_Submit_button_3_times_sequentially_and_after_that_enter_valid_Email_Id_and_click_Submit_enter_the_received_password_and_Click_login(demo, demo-ca, Jagadeshan@eitworks.com)">Arabic_Forget_password_Entering_invalid_Email_ID_and_clicking_Submit_button_3_times_sequentially_and_after_that_enter_valid_Email_Id_and_click_Submit_enter_the_received_password_and_Click_login(demo, demo-ca, Jagadeshan@eitworks.com)</a> <!-- method navigator-link -->
                      </span>
                      <br/>
                      <span>
                        <img width="3%" src="failed.png"/>
                        <a href="#" class="method navigator-link" panel-name="suite-Eit-Track" title="com.eit.stepdefinition.Login_page_test_case" hash-for-method="Arabic_Forget_password_Entering_invalid_Email_ID_and_clicking_Submit_button_3_times_sequentially_and_after_that_enter_valid_Email_Id_and_click_Submit_enter_the_received_password_and_Click_login(demo, demo-ca, Jagadeshan@eitworks.com)">Arabic_Forget_password_Entering_invalid_Email_ID_and_clicking_Submit_button_3_times_sequentially_and_after_that_enter_valid_Email_Id_and_click_Submit_enter_the_received_password_and_Click_login(demo, demo-ca, Jagadeshan@eitworks.com)</a> <!-- method navigator-link -->
                      </span>
                      <br/>
                      <span>
                        <img width="3%" src="failed.png"/>
                        <a href="#" class="method navigator-link" panel-name="suite-Eit-Track" title="com.eit.stepdefinition.Login_page_test_case" hash-for-method="Arabic_Valid_Login(demo, demo-ca, 12345)">Arabic_Valid_Login(demo, demo-ca, 12345)</a> <!-- method navigator-link -->
                      </span>
                      <br/>
                      <span>
                        <img width="3%" src="failed.png"/>
                        <a href="#" class="method navigator-link" panel-name="suite-Eit-Track" title="com.eit.stepdefinition.Login_page_test_case" hash-for-method="Arabic_Valid_Login(demo, demo-ca, 12345)">Arabic_Valid_Login(demo, demo-ca, 12345)</a> <!-- method navigator-link -->
                      </span>
                      <br/>
                      <span>
                        <img width="3%" src="failed.png"/>
                        <a href="#" class="method navigator-link" panel-name="suite-Eit-Track" title="com.eit.stepdefinition.Login_page_test_case" hash-for-method="English_Forget_password_Entering_invalid_Email_ID_and_clicking_Submit_button_3_times_sequentially_and_after_that_enter_valid_Email_Id_and_click_Submit_enter_the_received_password_and_Click_login(demo, demo-ca, Jagadeshan@eitworks.com)">English_Forget_password_Entering_invalid_Email_ID_and_clicking_Submit_button_3_times_sequentially_and_after_that_enter_valid_Email_Id_and_click_Submit_enter_the_received_password_and_Click_login(demo, demo-ca, Jagadeshan@eitworks.com)</a> <!-- method navigator-link -->
                      </span>
                      <br/>
                      <span>
                        <img width="3%" src="failed.png"/>
                        <a href="#" class="method navigator-link" panel-name="suite-Eit-Track" title="com.eit.stepdefinition.Login_page_test_case" hash-for-method="English_Forget_password_Entering_invalid_Email_ID_and_clicking_Submit_button_3_times_sequentially_and_after_that_enter_valid_Email_Id_and_click_Submit_enter_the_received_password_and_Click_login(demo, demo-ca, Jagadeshan@eitworks.com)">English_Forget_password_Entering_invalid_Email_ID_and_clicking_Submit_button_3_times_sequentially_and_after_that_enter_valid_Email_Id_and_click_Submit_enter_the_received_password_and_Click_login(demo, demo-ca, Jagadeshan@eitworks.com)</a> <!-- method navigator-link -->
                      </span>
                      <br/>
                      <span>
                        <img width="3%" src="failed.png"/>
                        <a href="#" class="method navigator-link" panel-name="suite-Eit-Track" title="com.eit.stepdefinition.Login_page_test_case" hash-for-method="English_Login_with_incorrect_Password(demo, demo-ca, CCCCC)">English_Login_with_incorrect_Password(demo, demo-ca, CCCCC)</a> <!-- method navigator-link -->
                      </span>
                      <br/>
                      <span>
                        <img width="3%" src="failed.png"/>
                        <a href="#" class="method navigator-link" panel-name="suite-Eit-Track" title="com.eit.stepdefinition.Login_page_test_case" hash-for-method="English_Login_with_incorrect_Password(demo, demo-ca, CCCCC)">English_Login_with_incorrect_Password(demo, demo-ca, CCCCC)</a> <!-- method navigator-link -->
                      </span>
                      <br/>
                      <span>
                        <img width="3%" src="failed.png"/>
                        <a href="#" class="method navigator-link" panel-name="suite-Eit-Track" title="com.eit.stepdefinition.Login_page_test_case" hash-for-method="English_and_Arabic_ForgetPassword_with_incorrect_Corporate_ID_or_User_name(AAAA, demo-ca, Jagadeshan@eitworks.com)">English_and_Arabic_ForgetPassword_with_incorrect_Corporate_ID_or_User_name(AAAA, demo-ca, Jagadeshan@eitworks.com)</a> <!-- method navigator-link -->
                      </span>
                      <br/>
                      <span>
                        <img width="3%" src="failed.png"/>
                        <a href="#" class="method navigator-link" panel-name="suite-Eit-Track" title="com.eit.stepdefinition.Login_page_test_case" hash-for-method="English_and_Arabic_ForgetPassword_with_incorrect_Corporate_ID_or_User_name(AAAA, demo-ca, Jagadeshan@eitworks.com)">English_and_Arabic_ForgetPassword_with_incorrect_Corporate_ID_or_User_name(AAAA, demo-ca, Jagadeshan@eitworks.com)</a> <!-- method navigator-link -->
                      </span>
                      <br/>
                      <span>
                        <img width="3%" src="failed.png"/>
                        <a href="#" class="method navigator-link" panel-name="suite-Eit-Track" title="com.eit.stepdefinition.Login_page_test_case" hash-for-method="English_and_Arabic_Login_with_incorrect_Corporate_ID_or_User_name(AAAA, demo-ca, 12345)">English_and_Arabic_Login_with_incorrect_Corporate_ID_or_User_name(AAAA, demo-ca, 12345)</a> <!-- method navigator-link -->
                      </span>
                      <br/>
                      <span>
                        <img width="3%" src="failed.png"/>
                        <a href="#" class="method navigator-link" panel-name="suite-Eit-Track" title="com.eit.stepdefinition.Login_page_test_case" hash-for-method="English_and_Arabic_Login_with_incorrect_Corporate_ID_or_User_name(AAAA, demo-ca, 12345)">English_and_Arabic_Login_with_incorrect_Corporate_ID_or_User_name(AAAA, demo-ca, 12345)</a> <!-- method navigator-link -->
                      </span>
                      <br/>
                    </div> <!-- method-list-content failed suite-Eit-Track -->
                  </li>
                  <li>
                    <span class="method-list-title passed">Passed methods</span>
                    <span class="show-or-hide-methods passed">
                      <a href="#" panel-name="suite-Eit-Track" class="hide-methods passed suite-Eit-Track"> (hide)</a> <!-- hide-methods passed suite-Eit-Track -->
                      <a href="#" panel-name="suite-Eit-Track" class="show-methods passed suite-Eit-Track"> (show)</a> <!-- show-methods passed suite-Eit-Track -->
                    </span>
                    <div class="method-list-content passed suite-Eit-Track">
                      <span>
                        <img width="3%" src="passed.png"/>
                        <a href="#" class="method navigator-link" panel-name="suite-Eit-Track" title="com.eit.stepdefinition.Login_page_test_case" hash-for-method="English_Valid_Login(demo, demo-ca, 12345)">English_Valid_Login(demo, demo-ca, 12345)</a> <!-- method navigator-link -->
                      </span>
                      <br/>
                      <span>
                        <img width="3%" src="passed.png"/>
                        <a href="#" class="method navigator-link" panel-name="suite-Eit-Track" title="com.eit.stepdefinition.Login_page_test_case" hash-for-method="English_and_Arabic_Login_RememeberMe(demo, demo-ca, 12345)">English_and_Arabic_Login_RememeberMe(demo, demo-ca, 12345)</a> <!-- method navigator-link -->
                      </span>
                      <br/>
                    </div> <!-- method-list-content passed suite-Eit-Track -->
                  </li>
                </ul>
              </div> <!-- suite-section-content -->
            </div> <!-- result-section -->
          </div> <!-- navigator-suite-content -->
        </div> <!-- rounded-window -->
      </div> <!-- suite -->
    </div> <!-- navigator-root -->
    <div class="wrapper">
      <div class="main-panel-root">
        <div panel-name="suite-Eit-Track" class="panel Eit-Track">
          <div class="suite-Eit-Track-class-failed">
            <div class="main-panel-header rounded-window-top">
              <img src="failed.png"/>
              <span class="class-name">com.eit.stepdefinition.Login_page_test_case</span>
            </div> <!-- main-panel-header rounded-window-top -->
            <div class="main-panel-content rounded-window-bottom">
              <div class="method">
                <div class="method-content">
                  <a name="Arabic_Forget_password_Entering_invalid_Email_ID_and_clicking_Submit_button_3_times_sequentially_and_after_that_enter_valid_Email_Id_and_click_Submit_enter_the_received_password_and_Click_login(demo, demo-ca, Jagadeshan@eitworks.com)">
                  </a> <!-- Arabic_Forget_password_Entering_invalid_Email_ID_and_clicking_Submit_button_3_times_sequentially_and_after_that_enter_valid_Email_Id_and_click_Submit_enter_the_received_password_and_Click_login(demo, demo-ca, Jagadeshan@eitworks.com) -->
                  <span class="method-name">Arabic_Forget_password_Entering_invalid_Email_ID_and_clicking_Submit_button_3_times_sequentially_and_after_that_enter_valid_Email_Id_and_click_Submit_enter_the_received_password_and_Click_login</span>
                  <span class="parameters">(demo, demo-ca, Jagadeshan@eitworks.com)</span>
                  <div class="stack-trace">org.openqa.selenium.ElementNotInteractableException: element not interactable
  (Session info: chrome=80.0.3987.122)
Build info: version: &apos;4.0.0-alpha-2&apos;, revision: &apos;f148142cf8&apos;, time: &apos;2019-07-01T20:55:26&apos;
System info: host: &apos;DESKTOP-D4SHPE1&apos;, ip: &apos;192.168.1.102&apos;, os.name: &apos;Windows 10&apos;, os.arch: &apos;amd64&apos;, os.version: &apos;10.0&apos;, java.version: &apos;1.8.0_181&apos;
Driver info: org.openqa.selenium.chrome.ChromeDriver
Capabilities {acceptInsecureCerts: false, browserName: chrome, browserVersion: 80.0.3987.122, chrome: {chromedriverVersion: 80.0.3987.16 (320f6526c1632..., userDataDir: C:\Users\EIT-JA~1\AppData\L...}, goog:chromeOptions: {debuggerAddress: localhost:55889}, javascriptEnabled: true, networkConnectionEnabled: false, pageLoadStrategy: normal, platform: WINDOWS, platformName: WINDOWS, proxy: Proxy(), setWindowRect: true, strictFileInteractability: false, timeouts: {implicit: 0, pageLoad: 300000, script: 30000}, unhandledPromptBehavior: dismiss and notify}
Session ID: da2421bd06c12506006d5fa62a286ce8
	at org.openqa.selenium.remote.codec.w3c.W3CHttpResponseCodec.createException(W3CHttpResponseCodec.java:191)
	at org.openqa.selenium.remote.codec.w3c.W3CHttpResponseCodec.decode(W3CHttpResponseCodec.java:125)
	at org.openqa.selenium.remote.codec.w3c.W3CHttpResponseCodec.decode(W3CHttpResponseCodec.java:52)
	at org.openqa.selenium.remote.HttpCommandExecutor.execute(HttpCommandExecutor.java:161)
	at org.openqa.selenium.remote.service.DriverCommandExecutor.execute(DriverCommandExecutor.java:83)
	at org.openqa.selenium.remote.RemoteWebDriver.execute(RemoteWebDriver.java:576)
	at org.openqa.selenium.remote.RemoteWebElement.execute(RemoteWebElement.java:308)
	at org.openqa.selenium.remote.RemoteWebElement.sendKeys(RemoteWebElement.java:107)
	at org.openqa.selenium.support.pagefactory.internal.LocatingElementHandler.invoke(LocatingElementHandler.java:52)
	at com.sun.proxy.$Proxy10.sendKeys(Unknown Source)
	at com.eit.resource.base.send(base.java:59)
	at com.eit.stepdefinition.Login_page_test_case.Arabic_Forget_password_Entering_invalid_Email_ID_and_clicking_Submit_button_3_times_sequentially_and_after_that_enter_valid_Email_Id_and_click_Submit_enter_the_received_password_and_Click_login(Login_page_test_case.java:238)
... Removed 31 stack frames
</div> <!-- stack-trace -->
                </div> <!-- method-content -->
              </div> <!-- method -->
              <div class="method">
                <div class="method-content">
                  <a name="Arabic_Forget_password_Entering_invalid_Email_ID_and_clicking_Submit_button_3_times_sequentially_and_after_that_enter_valid_Email_Id_and_click_Submit_enter_the_received_password_and_Click_login(demo, demo-ca, Jagadeshan@eitworks.com)">
                  </a> <!-- Arabic_Forget_password_Entering_invalid_Email_ID_and_clicking_Submit_button_3_times_sequentially_and_after_that_enter_valid_Email_Id_and_click_Submit_enter_the_received_password_and_Click_login(demo, demo-ca, Jagadeshan@eitworks.com) -->
                  <span class="method-name">Arabic_Forget_password_Entering_invalid_Email_ID_and_clicking_Submit_button_3_times_sequentially_and_after_that_enter_valid_Email_Id_and_click_Submit_enter_the_received_password_and_Click_login</span>
                  <span class="parameters">(demo, demo-ca, Jagadeshan@eitworks.com)</span>
                  <div class="stack-trace">java.lang.AssertionError: expected [true] but found [false]
	at com.eit.stepdefinition.Login_page_test_case.Arabic_Forget_password_Entering_invalid_Email_ID_and_clicking_Submit_button_3_times_sequentially_and_after_that_enter_valid_Email_Id_and_click_Submit_enter_the_received_password_and_Click_login(Login_page_test_case.java:242)
... Removed 28 stack frames
</div> <!-- stack-trace -->
                </div> <!-- method-content -->
              </div> <!-- method -->
              <div class="method">
                <div class="method-content">
                  <a name="Arabic_Valid_Login(demo, demo-ca, 12345)">
                  </a> <!-- Arabic_Valid_Login(demo, demo-ca, 12345) -->
                  <span class="method-name">Arabic_Valid_Login</span>
                  <span class="parameters">(demo, demo-ca, 12345)</span>
                  <div class="stack-trace">org.openqa.selenium.json.JsonException: java.lang.reflect.InvocationTargetException
Build info: version: &apos;4.0.0-alpha-2&apos;, revision: &apos;f148142cf8&apos;, time: &apos;2019-07-01T20:55:26&apos;
System info: host: &apos;DESKTOP-D4SHPE1&apos;, ip: &apos;192.168.1.102&apos;, os.name: &apos;Windows 10&apos;, os.arch: &apos;amd64&apos;, os.version: &apos;10.0&apos;, java.version: &apos;1.8.0_181&apos;
Driver info: driver.version: RemoteWebDriver
	at org.openqa.selenium.json.JsonOutput.convertUsingMethod(JsonOutput.java:326)
	at org.openqa.selenium.json.JsonOutput.lambda$new$16(JsonOutput.java:148)
	at org.openqa.selenium.json.JsonOutput.write(JsonOutput.java:257)
	at org.openqa.selenium.json.JsonOutput.lambda$null$21(JsonOutput.java:161)
	at java.util.LinkedHashMap$LinkedValues.forEach(LinkedHashMap.java:608)
	at org.openqa.selenium.json.JsonOutput.lambda$new$22(JsonOutput.java:161)
	at org.openqa.selenium.json.JsonOutput.write(JsonOutput.java:257)
	at org.openqa.selenium.json.JsonOutput.lambda$null$23(JsonOutput.java:170)
	at com.google.common.collect.SingletonImmutableBiMap.forEach(SingletonImmutableBiMap.java:65)
	at org.openqa.selenium.json.JsonOutput.lambda$new$24(JsonOutput.java:169)
	at org.openqa.selenium.json.JsonOutput.write(JsonOutput.java:257)
	at org.openqa.selenium.json.JsonOutput.write(JsonOutput.java:248)
	at org.openqa.selenium.json.Json.toJson(Json.java:42)
	at org.openqa.selenium.remote.codec.AbstractHttpCommandCodec.encode(AbstractHttpCommandCodec.java:233)
	at org.openqa.selenium.remote.codec.AbstractHttpCommandCodec.encode(AbstractHttpCommandCodec.java:122)
	at org.openqa.selenium.remote.HttpCommandExecutor.execute(HttpCommandExecutor.java:155)
	at org.openqa.selenium.remote.service.DriverCommandExecutor.execute(DriverCommandExecutor.java:83)
	at org.openqa.selenium.remote.RemoteWebDriver.execute(RemoteWebDriver.java:576)
	at org.openqa.selenium.remote.RemoteWebDriver.perform(RemoteWebDriver.java:646)
	at org.openqa.selenium.interactions.Actions$BuiltAction.perform(Actions.java:613)
	at com.eit.resource.base.clickaction(base.java:67)
	at com.eit.stepdefinition.Login_page_test_case.Arabic_Valid_Login(Login_page_test_case.java:97)
	Suppressed: org.openqa.selenium.json.JsonException: Attempting to close incomplete json stream
Build info: version: &apos;4.0.0-alpha-2&apos;, revision: &apos;f148142cf8&apos;, time: &apos;2019-07-01T20:55:26&apos;
System info: host: &apos;DESKTOP-D4SHPE1&apos;, ip: &apos;192.168.1.102&apos;, os.name: &apos;Windows 10&apos;, os.arch: &apos;amd64&apos;, os.version: &apos;10.0&apos;, java.version: &apos;1.8.0_181&apos;
Driver info: driver.version: RemoteWebDriver
		at org.openqa.selenium.json.JsonOutput.close(JsonOutput.java:273)
		at org.openqa.selenium.json.Json.toJson(Json.java:44)
		... 33 more
	at org.openqa.selenium.json.JsonOutput.convertUsingMethod(JsonOutput.java:322)
	... 45 more
Caused by: org.openqa.selenium.NoSuchElementException: no such element: Unable to locate element: {&quot;method&quot;:&quot;css selector&quot;,&quot;selector&quot;:&quot;#loginbtn&quot;}
  (Session info: chrome=80.0.3987.122)
For documentation on this error, please visit: https://www.seleniumhq.org/exceptions/no_such_element.html
Build info: version: &apos;4.0.0-alpha-2&apos;, revision: &apos;f148142cf8&apos;, time: &apos;2019-07-01T20:55:26&apos;
System info: host: &apos;DESKTOP-D4SHPE1&apos;, ip: &apos;192.168.1.102&apos;, os.name: &apos;Windows 10&apos;, os.arch: &apos;amd64&apos;, os.version: &apos;10.0&apos;, java.version: &apos;1.8.0_181&apos;
Driver info: org.openqa.selenium.chrome.ChromeDriver
Capabilities {acceptInsecureCerts: false, browserName: chrome, browserVersion: 80.0.3987.122, chrome: {chromedriverVersion: 80.0.3987.16 (320f6526c1632..., userDataDir: C:\Users\EIT-JA~1\AppData\L...}, goog:chromeOptions: {debuggerAddress: localhost:55476}, javascriptEnabled: true, networkConnectionEnabled: false, pageLoadStrategy: normal, platform: WINDOWS, platformName: WINDOWS, proxy: Proxy(), setWindowRect: true, strictFileInteractability: false, timeouts: {implicit: 0, pageLoad: 300000, script: 30000}, unhandledPromptBehavior: dismiss and notify}
Session ID: 3b1f0cfeed885f80c483bd946a9c271e
*** Element info: {Using=id, value=loginbtn}
	at org.openqa.selenium.remote.codec.w3c.W3CHttpResponseCodec.createException(W3CHttpResponseCodec.java:191)
	at org.openqa.selenium.remote.codec.w3c.W3CHttpResponseCodec.decode(W3CHttpResponseCodec.java:125)
	at org.openqa.selenium.remote.codec.w3c.W3CHttpResponseCodec.decode(W3CHttpResponseCodec.java:52)
	at org.openqa.selenium.remote.HttpCommandExecutor.execute(HttpCommandExecutor.java:161)
	at org.openqa.selenium.remote.service.DriverCommandExecutor.execute(DriverCommandExecutor.java:83)
	at org.openqa.selenium.remote.RemoteWebDriver.execute(RemoteWebDriver.java:576)
	at org.openqa.selenium.remote.RemoteWebDriver.findElement(RemoteWebDriver.java:327)
	at org.openqa.selenium.remote.RemoteWebDriver.findElementById(RemoteWebDriver.java:375)
	at org.openqa.selenium.By$ById.findElement(By.java:188)
	at org.openqa.selenium.remote.RemoteWebDriver.findElement(RemoteWebDriver.java:319)
	at org.openqa.selenium.support.pagefactory.DefaultElementLocator.findElement(DefaultElementLocator.java:70)
	at org.openqa.selenium.support.pagefactory.internal.LocatingElementHandler.invoke(LocatingElementHandler.java:39)
	at com.sun.proxy.$Proxy10.getWrappedElement(Unknown Source)
	at org.openqa.selenium.interactions.PointerInput$Origin.asArg(PointerInput.java:204)
	at org.openqa.selenium.interactions.PointerInput$Move.encode(PointerInput.java:155)
	at org.openqa.selenium.interactions.Sequence.encode(Sequence.java:73)
	at org.openqa.selenium.interactions.Sequence.toJson(Sequence.java:82)
	... 50 more
... Removed 33 stack frames
</div> <!-- stack-trace -->
                </div> <!-- method-content -->
              </div> <!-- method -->
              <div class="method">
                <div class="method-content">
                  <a name="Arabic_Valid_Login(demo, demo-ca, 12345)">
                  </a> <!-- Arabic_Valid_Login(demo, demo-ca, 12345) -->
                  <span class="method-name">Arabic_Valid_Login</span>
                  <span class="parameters">(demo, demo-ca, 12345)</span>
                  <div class="stack-trace">org.openqa.selenium.json.JsonException: java.lang.reflect.InvocationTargetException
Build info: version: &apos;4.0.0-alpha-2&apos;, revision: &apos;f148142cf8&apos;, time: &apos;2019-07-01T20:55:26&apos;
System info: host: &apos;DESKTOP-D4SHPE1&apos;, ip: &apos;192.168.1.102&apos;, os.name: &apos;Windows 10&apos;, os.arch: &apos;amd64&apos;, os.version: &apos;10.0&apos;, java.version: &apos;1.8.0_181&apos;
Driver info: driver.version: RemoteWebDriver
	at org.openqa.selenium.json.JsonOutput.convertUsingMethod(JsonOutput.java:326)
	at org.openqa.selenium.json.JsonOutput.lambda$new$16(JsonOutput.java:148)
	at org.openqa.selenium.json.JsonOutput.write(JsonOutput.java:257)
	at org.openqa.selenium.json.JsonOutput.lambda$null$21(JsonOutput.java:161)
	at java.util.LinkedHashMap$LinkedValues.forEach(LinkedHashMap.java:608)
	at org.openqa.selenium.json.JsonOutput.lambda$new$22(JsonOutput.java:161)
	at org.openqa.selenium.json.JsonOutput.write(JsonOutput.java:257)
	at org.openqa.selenium.json.JsonOutput.lambda$null$23(JsonOutput.java:170)
	at com.google.common.collect.SingletonImmutableBiMap.forEach(SingletonImmutableBiMap.java:65)
	at org.openqa.selenium.json.JsonOutput.lambda$new$24(JsonOutput.java:169)
	at org.openqa.selenium.json.JsonOutput.write(JsonOutput.java:257)
	at org.openqa.selenium.json.JsonOutput.write(JsonOutput.java:248)
	at org.openqa.selenium.json.Json.toJson(Json.java:42)
	at org.openqa.selenium.remote.codec.AbstractHttpCommandCodec.encode(AbstractHttpCommandCodec.java:233)
	at org.openqa.selenium.remote.codec.AbstractHttpCommandCodec.encode(AbstractHttpCommandCodec.java:122)
	at org.openqa.selenium.remote.HttpCommandExecutor.execute(HttpCommandExecutor.java:155)
	at org.openqa.selenium.remote.service.DriverCommandExecutor.execute(DriverCommandExecutor.java:83)
	at org.openqa.selenium.remote.RemoteWebDriver.execute(RemoteWebDriver.java:576)
	at org.openqa.selenium.remote.RemoteWebDriver.perform(RemoteWebDriver.java:646)
	at org.openqa.selenium.interactions.Actions$BuiltAction.perform(Actions.java:613)
	at com.eit.resource.base.clickaction(base.java:67)
	at com.eit.stepdefinition.Login_page_test_case.Arabic_Valid_Login(Login_page_test_case.java:97)
	Suppressed: org.openqa.selenium.json.JsonException: Attempting to close incomplete json stream
Build info: version: &apos;4.0.0-alpha-2&apos;, revision: &apos;f148142cf8&apos;, time: &apos;2019-07-01T20:55:26&apos;
System info: host: &apos;DESKTOP-D4SHPE1&apos;, ip: &apos;192.168.1.102&apos;, os.name: &apos;Windows 10&apos;, os.arch: &apos;amd64&apos;, os.version: &apos;10.0&apos;, java.version: &apos;1.8.0_181&apos;
Driver info: driver.version: RemoteWebDriver
		at org.openqa.selenium.json.JsonOutput.close(JsonOutput.java:273)
		at org.openqa.selenium.json.Json.toJson(Json.java:44)
		... 33 more
	at org.openqa.selenium.json.JsonOutput.convertUsingMethod(JsonOutput.java:322)
	... 45 more
Caused by: org.openqa.selenium.NoSuchElementException: no such element: Unable to locate element: {&quot;method&quot;:&quot;css selector&quot;,&quot;selector&quot;:&quot;#loginbtn&quot;}
  (Session info: chrome=80.0.3987.122)
For documentation on this error, please visit: https://www.seleniumhq.org/exceptions/no_such_element.html
Build info: version: &apos;4.0.0-alpha-2&apos;, revision: &apos;f148142cf8&apos;, time: &apos;2019-07-01T20:55:26&apos;
System info: host: &apos;DESKTOP-D4SHPE1&apos;, ip: &apos;192.168.1.102&apos;, os.name: &apos;Windows 10&apos;, os.arch: &apos;amd64&apos;, os.version: &apos;10.0&apos;, java.version: &apos;1.8.0_181&apos;
Driver info: org.openqa.selenium.chrome.ChromeDriver
Capabilities {acceptInsecureCerts: false, browserName: chrome, browserVersion: 80.0.3987.122, chrome: {chromedriverVersion: 80.0.3987.16 (320f6526c1632..., userDataDir: C:\Users\EIT-JA~1\AppData\L...}, goog:chromeOptions: {debuggerAddress: localhost:55522}, javascriptEnabled: true, networkConnectionEnabled: false, pageLoadStrategy: normal, platform: WINDOWS, platformName: WINDOWS, proxy: Proxy(), setWindowRect: true, strictFileInteractability: false, timeouts: {implicit: 0, pageLoad: 300000, script: 30000}, unhandledPromptBehavior: dismiss and notify}
Session ID: 380d7063ed396a05366ca57804674133
*** Element info: {Using=id, value=loginbtn}
	at org.openqa.selenium.remote.codec.w3c.W3CHttpResponseCodec.createException(W3CHttpResponseCodec.java:191)
	at org.openqa.selenium.remote.codec.w3c.W3CHttpResponseCodec.decode(W3CHttpResponseCodec.java:125)
	at org.openqa.selenium.remote.codec.w3c.W3CHttpResponseCodec.decode(W3CHttpResponseCodec.java:52)
	at org.openqa.selenium.remote.HttpCommandExecutor.execute(HttpCommandExecutor.java:161)
	at org.openqa.selenium.remote.service.DriverCommandExecutor.execute(DriverCommandExecutor.java:83)
	at org.openqa.selenium.remote.RemoteWebDriver.execute(RemoteWebDriver.java:576)
	at org.openqa.selenium.remote.RemoteWebDriver.findElement(RemoteWebDriver.java:327)
	at org.openqa.selenium.remote.RemoteWebDriver.findElementById(RemoteWebDriver.java:375)
	at org.openqa.selenium.By$ById.findElement(By.java:188)
	at org.openqa.selenium.remote.RemoteWebDriver.findElement(RemoteWebDriver.java:319)
	at org.openqa.selenium.support.pagefactory.DefaultElementLocator.findElement(DefaultElementLocator.java:70)
	at org.openqa.selenium.support.pagefactory.internal.LocatingElementHandler.invoke(LocatingElementHandler.java:39)
	at com.sun.proxy.$Proxy10.getWrappedElement(Unknown Source)
	at org.openqa.selenium.interactions.PointerInput$Origin.asArg(PointerInput.java:204)
	at org.openqa.selenium.interactions.PointerInput$Move.encode(PointerInput.java:155)
	at org.openqa.selenium.interactions.Sequence.encode(Sequence.java:73)
	at org.openqa.selenium.interactions.Sequence.toJson(Sequence.java:82)
	... 50 more
... Removed 33 stack frames
</div> <!-- stack-trace -->
                </div> <!-- method-content -->
              </div> <!-- method -->
              <div class="method">
                <div class="method-content">
                  <a name="English_Forget_password_Entering_invalid_Email_ID_and_clicking_Submit_button_3_times_sequentially_and_after_that_enter_valid_Email_Id_and_click_Submit_enter_the_received_password_and_Click_login(demo, demo-ca, Jagadeshan@eitworks.com)">
                  </a> <!-- English_Forget_password_Entering_invalid_Email_ID_and_clicking_Submit_button_3_times_sequentially_and_after_that_enter_valid_Email_Id_and_click_Submit_enter_the_received_password_and_Click_login(demo, demo-ca, Jagadeshan@eitworks.com) -->
                  <span class="method-name">English_Forget_password_Entering_invalid_Email_ID_and_clicking_Submit_button_3_times_sequentially_and_after_that_enter_valid_Email_Id_and_click_Submit_enter_the_received_password_and_Click_login</span>
                  <span class="parameters">(demo, demo-ca, Jagadeshan@eitworks.com)</span>
                  <div class="stack-trace">java.lang.AssertionError: English_Forget_password_Entering_invalid_Email_ID_and_clicking_Submit_button_3_times_sequentially_and_after_that_enter_valid_Email_Id_and_click_Submit_enter_the_received_password_and_Click_login Expected Result : it should show [Please Enter the Correct Registered Email Id] but it shows Enter Registered Email Id expected [true] but found [false]
	at com.eit.stepdefinition.Login_page_test_case.English_Forget_password_Entering_invalid_Email_ID_and_clicking_Submit_button_3_times_sequentially_and_after_that_enter_valid_Email_Id_and_click_Submit_enter_the_received_password_and_Click_login(Login_page_test_case.java:176)
... Removed 27 stack frames
</div> <!-- stack-trace -->
                </div> <!-- method-content -->
              </div> <!-- method -->
              <div class="method">
                <div class="method-content">
                  <a name="English_Forget_password_Entering_invalid_Email_ID_and_clicking_Submit_button_3_times_sequentially_and_after_that_enter_valid_Email_Id_and_click_Submit_enter_the_received_password_and_Click_login(demo, demo-ca, Jagadeshan@eitworks.com)">
                  </a> <!-- English_Forget_password_Entering_invalid_Email_ID_and_clicking_Submit_button_3_times_sequentially_and_after_that_enter_valid_Email_Id_and_click_Submit_enter_the_received_password_and_Click_login(demo, demo-ca, Jagadeshan@eitworks.com) -->
                  <span class="method-name">English_Forget_password_Entering_invalid_Email_ID_and_clicking_Submit_button_3_times_sequentially_and_after_that_enter_valid_Email_Id_and_click_Submit_enter_the_received_password_and_Click_login</span>
                  <span class="parameters">(demo, demo-ca, Jagadeshan@eitworks.com)</span>
                  <div class="stack-trace">java.lang.AssertionError: English_Forget_password_Entering_invalid_Email_ID_and_clicking_Submit_button_3_times_sequentially_and_after_that_enter_valid_Email_Id_and_click_Submit_enter_the_received_password_and_Click_login Expected Result : it should show [Please Enter the Correct Registered Email Id] but it shows Enter Registered Email Id expected [true] but found [false]
	at com.eit.stepdefinition.Login_page_test_case.English_Forget_password_Entering_invalid_Email_ID_and_clicking_Submit_button_3_times_sequentially_and_after_that_enter_valid_Email_Id_and_click_Submit_enter_the_received_password_and_Click_login(Login_page_test_case.java:176)
... Removed 27 stack frames
</div> <!-- stack-trace -->
                </div> <!-- method-content -->
              </div> <!-- method -->
              <div class="method">
                <div class="method-content">
                  <a name="English_Login_with_incorrect_Password(demo, demo-ca, CCCCC)">
                  </a> <!-- English_Login_with_incorrect_Password(demo, demo-ca, CCCCC) -->
                  <span class="method-name">English_Login_with_incorrect_Password</span>
                  <span class="parameters">(demo, demo-ca, CCCCC)</span>
                  <div class="stack-trace">java.lang.AssertionError: English_Login_with_incorrect_Password = Expected result : Enter Correct Password -&gt;But it shows :Invalid Credential expected [true] but found [false]
	at com.eit.stepdefinition.Login_page_test_case.English_Login_with_incorrect_Password(Login_page_test_case.java:60)
... Removed 27 stack frames
</div> <!-- stack-trace -->
                </div> <!-- method-content -->
              </div> <!-- method -->
              <div class="method">
                <div class="method-content">
                  <a name="English_Login_with_incorrect_Password(demo, demo-ca, CCCCC)">
                  </a> <!-- English_Login_with_incorrect_Password(demo, demo-ca, CCCCC) -->
                  <span class="method-name">English_Login_with_incorrect_Password</span>
                  <span class="parameters">(demo, demo-ca, CCCCC)</span>
                  <div class="stack-trace">java.lang.AssertionError: English_Login_with_incorrect_Password = Expected result : Enter Correct Password -&gt;But it shows :Invalid Credential expected [true] but found [false]
	at com.eit.stepdefinition.Login_page_test_case.English_Login_with_incorrect_Password(Login_page_test_case.java:60)
... Removed 27 stack frames
</div> <!-- stack-trace -->
                </div> <!-- method-content -->
              </div> <!-- method -->
              <div class="method">
                <div class="method-content">
                  <a name="English_and_Arabic_ForgetPassword_with_incorrect_Corporate_ID_or_User_name(AAAA, demo-ca, Jagadeshan@eitworks.com)">
                  </a> <!-- English_and_Arabic_ForgetPassword_with_incorrect_Corporate_ID_or_User_name(AAAA, demo-ca, Jagadeshan@eitworks.com) -->
                  <span class="method-name">English_and_Arabic_ForgetPassword_with_incorrect_Corporate_ID_or_User_name</span>
                  <span class="parameters">(AAAA, demo-ca, Jagadeshan@eitworks.com)</span>
                  <div class="stack-trace">java.lang.AssertionError: English_ForgetPassword_with_incorrect_Corporate_ID_or_User_name Expected result :It should show [Enter Correct Corporate Id or User name] but it shows Invalid Credential expected [true] but found [false]
	at com.eit.stepdefinition.Login_page_test_case.English_and_Arabic_ForgetPassword_with_incorrect_Corporate_ID_or_User_name(Login_page_test_case.java:145)
... Removed 27 stack frames
</div> <!-- stack-trace -->
                </div> <!-- method-content -->
              </div> <!-- method -->
              <div class="method">
                <div class="method-content">
                  <a name="English_and_Arabic_ForgetPassword_with_incorrect_Corporate_ID_or_User_name(AAAA, demo-ca, Jagadeshan@eitworks.com)">
                  </a> <!-- English_and_Arabic_ForgetPassword_with_incorrect_Corporate_ID_or_User_name(AAAA, demo-ca, Jagadeshan@eitworks.com) -->
                  <span class="method-name">English_and_Arabic_ForgetPassword_with_incorrect_Corporate_ID_or_User_name</span>
                  <span class="parameters">(AAAA, demo-ca, Jagadeshan@eitworks.com)</span>
                  <div class="stack-trace">java.lang.AssertionError: English_ForgetPassword_with_incorrect_Corporate_ID_or_User_name Expected result :It should show [Enter Correct Corporate Id or User name] but it shows Invalid Credential expected [true] but found [false]
	at com.eit.stepdefinition.Login_page_test_case.English_and_Arabic_ForgetPassword_with_incorrect_Corporate_ID_or_User_name(Login_page_test_case.java:145)
... Removed 27 stack frames
</div> <!-- stack-trace -->
                </div> <!-- method-content -->
              </div> <!-- method -->
              <div class="method">
                <div class="method-content">
                  <a name="English_and_Arabic_Login_with_incorrect_Corporate_ID_or_User_name(AAAA, demo-ca, 12345)">
                  </a> <!-- English_and_Arabic_Login_with_incorrect_Corporate_ID_or_User_name(AAAA, demo-ca, 12345) -->
                  <span class="method-name">English_and_Arabic_Login_with_incorrect_Corporate_ID_or_User_name</span>
                  <span class="parameters">(AAAA, demo-ca, 12345)</span>
                  <div class="stack-trace">java.lang.AssertionError: English_Login_with_incorrect_Corporate_ID_or_User_name = Expected Result:Enter Correct CorporateID or User name but it shows -&gt;Invalid Credential expected [true] but found [false]
	at com.eit.stepdefinition.Login_page_test_case.English_and_Arabic_Login_with_incorrect_Corporate_ID_or_User_name(Login_page_test_case.java:36)
... Removed 27 stack frames
</div> <!-- stack-trace -->
                </div> <!-- method-content -->
              </div> <!-- method -->
              <div class="method">
                <div class="method-content">
                  <a name="English_and_Arabic_Login_with_incorrect_Corporate_ID_or_User_name(AAAA, demo-ca, 12345)">
                  </a> <!-- English_and_Arabic_Login_with_incorrect_Corporate_ID_or_User_name(AAAA, demo-ca, 12345) -->
                  <span class="method-name">English_and_Arabic_Login_with_incorrect_Corporate_ID_or_User_name</span>
                  <span class="parameters">(AAAA, demo-ca, 12345)</span>
                  <div class="stack-trace">java.lang.AssertionError: English_Login_with_incorrect_Corporate_ID_or_User_name = Expected Result:Enter Correct CorporateID or User name but it shows -&gt;Invalid Credential expected [true] but found [false]
	at com.eit.stepdefinition.Login_page_test_case.English_and_Arabic_Login_with_incorrect_Corporate_ID_or_User_name(Login_page_test_case.java:36)
... Removed 27 stack frames
</div> <!-- stack-trace -->
                </div> <!-- method-content -->
              </div> <!-- method -->
            </div> <!-- main-panel-content rounded-window-bottom -->
          </div> <!-- suite-Eit-Track-class-failed -->
          <div class="suite-Eit-Track-class-passed">
            <div class="main-panel-header rounded-window-top">
              <img src="passed.png"/>
              <span class="class-name">com.eit.stepdefinition.Login_page_test_case</span>
            </div> <!-- main-panel-header rounded-window-top -->
            <div class="main-panel-content rounded-window-bottom">
              <div class="method">
                <div class="method-content">
                  <a name="English_Valid_Login(demo, demo-ca, 12345)">
                  </a> <!-- English_Valid_Login(demo, demo-ca, 12345) -->
                  <span class="method-name">English_Valid_Login</span>
                  <span class="parameters">(demo, demo-ca, 12345)</span>
                </div> <!-- method-content -->
              </div> <!-- method -->
              <div class="method">
                <div class="method-content">
                  <a name="English_and_Arabic_Login_RememeberMe(demo, demo-ca, 12345)">
                  </a> <!-- English_and_Arabic_Login_RememeberMe(demo, demo-ca, 12345) -->
                  <span class="method-name">English_and_Arabic_Login_RememeberMe</span>
                  <span class="parameters">(demo, demo-ca, 12345)</span>
                </div> <!-- method-content -->
              </div> <!-- method -->
            </div> <!-- main-panel-content rounded-window-bottom -->
          </div> <!-- suite-Eit-Track-class-passed -->
        </div> <!-- panel Eit-Track -->
        <div panel-name="test-xml-Eit-Track" class="panel">
          <div class="main-panel-header rounded-window-top">
            <span class="header-content">E:\Eit_track\testng.xml</span>
          </div> <!-- main-panel-header rounded-window-top -->
          <div class="main-panel-content rounded-window-bottom">
            <pre>
&lt;?xml version=&quot;1.0&quot; encoding=&quot;UTF-8&quot;?&gt;
&lt;!DOCTYPE suite SYSTEM &quot;http://testng.org/testng-1.0.dtd&quot;&gt;
&lt;suite name=&quot;Eit-Track&quot;&gt;
  &lt;parameter name=&quot;CorporateId_Invalid&quot; value=&quot;AAAA&quot;/&gt;
  &lt;parameter name=&quot;EmailID&quot; value=&quot;Jagadeshan@eitworks.com&quot;/&gt;
  &lt;parameter name=&quot;password&quot; value=&quot;12345&quot;/&gt;
  &lt;parameter name=&quot;vehiclename&quot; value=&quot;loadtest-2370&quot;/&gt;
  &lt;parameter name=&quot;password_Invalid&quot; value=&quot;CCCCC&quot;/&gt;
  &lt;parameter name=&quot;Username&quot; value=&quot;demo-ca&quot;/&gt;
  &lt;parameter name=&quot;EmailID_Invalid&quot; value=&quot;CCCCC&quot;/&gt;
  &lt;parameter name=&quot;CorporateId&quot; value=&quot;demo&quot;/&gt;
  &lt;parameter name=&quot;Username_Invalid&quot; value=&quot;BBBB&quot;/&gt;
  &lt;parameter name=&quot;Url&quot; value=&quot;https://gps.thegoldenelement.com/&quot;/&gt;
  &lt;listeners&gt;
    &lt;listener class-name=&quot;com.eit.listner.EmailREport&quot;/&gt;
    &lt;listener class-name=&quot;com.eit.listner.MyListner&quot;/&gt;
    &lt;listener class-name=&quot;com.eit.test.Execute_All_retry&quot;/&gt;
  &lt;/listeners&gt;
  &lt;test name=&quot;Login_TestCase&quot;&gt;
    &lt;classes&gt;
      &lt;class name=&quot;com.eit.stepdefinition.Login_page_test_case&quot;/&gt;
    &lt;/classes&gt;
  &lt;/test&gt; &lt;!-- Login_TestCase --&gt;
&lt;/suite&gt; &lt;!-- Eit-Track --&gt;
            </pre>
          </div> <!-- main-panel-content rounded-window-bottom -->
        </div> <!-- panel -->
        <div panel-name="testlist-Eit-Track" class="panel">
          <div class="main-panel-header rounded-window-top">
            <span class="header-content">Tests for Eit-Track</span>
          </div> <!-- main-panel-header rounded-window-top -->
          <div class="main-panel-content rounded-window-bottom">
            <ul>
              <li>
                <span class="test-name">Login_TestCase (1 class)</span>
              </li>
            </ul>
          </div> <!-- main-panel-content rounded-window-bottom -->
        </div> <!-- panel -->
        <div panel-name="group-Eit-Track" class="panel">
          <div class="main-panel-header rounded-window-top">
            <span class="header-content">Groups for Eit-Track</span>
          </div> <!-- main-panel-header rounded-window-top -->
          <div class="main-panel-content rounded-window-bottom">
          </div> <!-- main-panel-content rounded-window-bottom -->
        </div> <!-- panel -->
        <div panel-name="times-Eit-Track" class="panel">
          <div class="main-panel-header rounded-window-top">
            <span class="header-content">Times for Eit-Track</span>
          </div> <!-- main-panel-header rounded-window-top -->
          <div class="main-panel-content rounded-window-bottom">
            <div class="times-div">
              <script type="text/javascript">
suiteTableInitFunctions.push('tableData_Eit-Track');
function tableData_Eit-Track() {
var data = new google.visualization.DataTable();
data.addColumn('number', 'Number');
data.addColumn('string', 'Method');
data.addColumn('string', 'Class');
data.addColumn('number', 'Time (ms)');
data.addRows(14);
data.setCell(0, 0, 0)
data.setCell(0, 1, 'English_and_Arabic_Login_RememeberMe')
data.setCell(0, 2, 'com.eit.stepdefinition.Login_page_test_case')
data.setCell(0, 3, 24205);
data.setCell(1, 0, 1)
data.setCell(1, 1, 'English_Valid_Login')
data.setCell(1, 2, 'com.eit.stepdefinition.Login_page_test_case')
data.setCell(1, 3, 11461);
data.setCell(2, 0, 2)
data.setCell(2, 1, 'English_Login_with_incorrect_Password')
data.setCell(2, 2, 'com.eit.stepdefinition.Login_page_test_case')
data.setCell(2, 3, 3069);
data.setCell(3, 0, 3)
data.setCell(3, 1, 'English_Login_with_incorrect_Password')
data.setCell(3, 2, 'com.eit.stepdefinition.Login_page_test_case')
data.setCell(3, 3, 3005);
data.setCell(4, 0, 4)
data.setCell(4, 1, 'English_and_Arabic_Login_with_incorrect_Corporate_ID_or_User_name')
data.setCell(4, 2, 'com.eit.stepdefinition.Login_page_test_case')
data.setCell(4, 3, 2954);
data.setCell(5, 0, 5)
data.setCell(5, 1, 'English_Forget_password_Entering_invalid_Email_ID_and_clicking_Submit_button_3_times_sequentially_and_after_that_enter_valid_Email_Id_and_click_Submit_enter_the_received_password_and_Click_login')
data.setCell(5, 2, 'com.eit.stepdefinition.Login_page_test_case')
data.setCell(5, 3, 2838);
data.setCell(6, 0, 6)
data.setCell(6, 1, 'English_and_Arabic_Login_with_incorrect_Corporate_ID_or_User_name')
data.setCell(6, 2, 'com.eit.stepdefinition.Login_page_test_case')
data.setCell(6, 3, 2788);
data.setCell(7, 0, 7)
data.setCell(7, 1, 'Arabic_Forget_password_Entering_invalid_Email_ID_and_clicking_Submit_button_3_times_sequentially_and_after_that_enter_valid_Email_Id_and_click_Submit_enter_the_received_password_and_Click_login')
data.setCell(7, 2, 'com.eit.stepdefinition.Login_page_test_case')
data.setCell(7, 3, 2756);
data.setCell(8, 0, 8)
data.setCell(8, 1, 'English_and_Arabic_ForgetPassword_with_incorrect_Corporate_ID_or_User_name')
data.setCell(8, 2, 'com.eit.stepdefinition.Login_page_test_case')
data.setCell(8, 3, 2628);
data.setCell(9, 0, 9)
data.setCell(9, 1, 'English_and_Arabic_ForgetPassword_with_incorrect_Corporate_ID_or_User_name')
data.setCell(9, 2, 'com.eit.stepdefinition.Login_page_test_case')
data.setCell(9, 3, 2483);
data.setCell(10, 0, 10)
data.setCell(10, 1, 'English_Forget_password_Entering_invalid_Email_ID_and_clicking_Submit_button_3_times_sequentially_and_after_that_enter_valid_Email_Id_and_click_Submit_enter_the_received_password_and_Click_login')
data.setCell(10, 2, 'com.eit.stepdefinition.Login_page_test_case')
data.setCell(10, 3, 2446);
data.setCell(11, 0, 11)
data.setCell(11, 1, 'Arabic_Valid_Login')
data.setCell(11, 2, 'com.eit.stepdefinition.Login_page_test_case')
data.setCell(11, 3, 1810);
data.setCell(12, 0, 12)
data.setCell(12, 1, 'Arabic_Forget_password_Entering_invalid_Email_ID_and_clicking_Submit_button_3_times_sequentially_and_after_that_enter_valid_Email_Id_and_click_Submit_enter_the_received_password_and_Click_login')
data.setCell(12, 2, 'com.eit.stepdefinition.Login_page_test_case')
data.setCell(12, 3, 1808);
data.setCell(13, 0, 13)
data.setCell(13, 1, 'Arabic_Valid_Login')
data.setCell(13, 2, 'com.eit.stepdefinition.Login_page_test_case')
data.setCell(13, 3, 1756);
window.suiteTableData['Eit-Track']= { tableData: data, tableDiv: 'times-div-Eit-Track'}
return data;
}
              </script>
              <span class="suite-total-time">Total running time: 1 minutes</span>
              <div id="times-div-Eit-Track">
              </div> <!-- times-div-Eit-Track -->
            </div> <!-- times-div -->
          </div> <!-- main-panel-content rounded-window-bottom -->
        </div> <!-- panel -->
        <div panel-name="reporter-Eit-Track" class="panel">
          <div class="main-panel-header rounded-window-top">
            <span class="header-content">Reporter output for Eit-Track</span>
          </div> <!-- main-panel-header rounded-window-top -->
          <div class="main-panel-content rounded-window-bottom">
          </div> <!-- main-panel-content rounded-window-bottom -->
        </div> <!-- panel -->
        <div panel-name="ignored-methods-Eit-Track" class="panel">
          <div class="main-panel-header rounded-window-top">
            <span class="header-content">0 ignored methods</span>
          </div> <!-- main-panel-header rounded-window-top -->
          <div class="main-panel-content rounded-window-bottom">
          </div> <!-- main-panel-content rounded-window-bottom -->
        </div> <!-- panel -->
        <div panel-name="chronological-Eit-Track" class="panel">
          <div class="main-panel-header rounded-window-top">
            <span class="header-content">Methods in chronological order</span>
          </div> <!-- main-panel-header rounded-window-top -->
          <div class="main-panel-content rounded-window-bottom">
            <div class="chronological-class">
              <div class="chronological-class-name">com.eit.stepdefinition.Login_page_test_case</div> <!-- chronological-class-name -->
              <div class="configuration-method before">
                <span class="method-name">browse(https://gps.thegoldenelement.com/)</span>
                <span class="method-start">0 ms</span>
              </div> <!-- configuration-method before -->
              <div class="test-method">
                <img src="failed.png">
                </img>
                <span class="method-name">English_and_Arabic_Login_with_incorrect_Corporate_ID_or_User_name(AAAA, demo-ca, 12345)</span>
                <span class="method-start">23842 ms</span>
              </div> <!-- test-method -->
              <div class="configuration-method after">
                <span class="method-name">closee</span>
                <span class="method-start">27253 ms</span>
              </div> <!-- configuration-method after -->
              <div class="configuration-method before">
                <span class="method-name">browse(https://gps.thegoldenelement.com/)</span>
                <span class="method-start">27944 ms</span>
              </div> <!-- configuration-method before -->
              <div class="test-method">
                <img src="failed.png">
                </img>
                <span class="method-name">English_and_Arabic_Login_with_incorrect_Corporate_ID_or_User_name(AAAA, demo-ca, 12345)</span>
                <span class="method-start">52862 ms</span>
              </div> <!-- test-method -->
              <div class="configuration-method after">
                <span class="method-name">closee</span>
                <span class="method-start">56395 ms</span>
              </div> <!-- configuration-method after -->
              <div class="configuration-method before">
                <span class="method-name">browse(https://gps.thegoldenelement.com/)</span>
                <span class="method-start">57098 ms</span>
              </div> <!-- configuration-method before -->
              <div class="test-method">
                <img src="failed.png">
                </img>
                <span class="method-name">English_Login_with_incorrect_Password(demo, demo-ca, CCCCC)</span>
                <span class="method-start">83532 ms</span>
              </div> <!-- test-method -->
              <div class="configuration-method after">
                <span class="method-name">closee</span>
                <span class="method-start">87068 ms</span>
              </div> <!-- configuration-method after -->
              <div class="configuration-method before">
                <span class="method-name">browse(https://gps.thegoldenelement.com/)</span>
                <span class="method-start">87755 ms</span>
              </div> <!-- configuration-method before -->
              <div class="test-method">
                <img src="failed.png">
                </img>
                <span class="method-name">English_Login_with_incorrect_Password(demo, demo-ca, CCCCC)</span>
                <span class="method-start">114748 ms</span>
              </div> <!-- test-method -->
              <div class="configuration-method after">
                <span class="method-name">closee</span>
                <span class="method-start">118359 ms</span>
              </div> <!-- configuration-method after -->
              <div class="configuration-method before">
                <span class="method-name">browse(https://gps.thegoldenelement.com/)</span>
                <span class="method-start">119098 ms</span>
              </div> <!-- configuration-method before -->
              <div class="test-method">
                <span class="method-name">English_Valid_Login(demo, demo-ca, 12345)</span>
                <span class="method-start">148956 ms</span>
              </div> <!-- test-method -->
              <div class="configuration-method after">
                <span class="method-name">closee</span>
                <span class="method-start">160418 ms</span>
              </div> <!-- configuration-method after -->
              <div class="configuration-method before">
                <span class="method-name">browse(https://gps.thegoldenelement.com/)</span>
                <span class="method-start">161148 ms</span>
              </div> <!-- configuration-method before -->
              <div class="test-method">
                <img src="failed.png">
                </img>
                <span class="method-name">Arabic_Valid_Login(demo, demo-ca, 12345)</span>
                <span class="method-start">179296 ms</span>
              </div> <!-- test-method -->
              <div class="configuration-method after">
                <span class="method-name">closee</span>
                <span class="method-start">181660 ms</span>
              </div> <!-- configuration-method after -->
              <div class="configuration-method before">
                <span class="method-name">browse(https://gps.thegoldenelement.com/)</span>
                <span class="method-start">182342 ms</span>
              </div> <!-- configuration-method before -->
              <div class="test-method">
                <img src="failed.png">
                </img>
                <span class="method-name">Arabic_Valid_Login(demo, demo-ca, 12345)</span>
                <span class="method-start">202621 ms</span>
              </div> <!-- test-method -->
              <div class="configuration-method after">
                <span class="method-name">closee</span>
                <span class="method-start">204932 ms</span>
              </div> <!-- configuration-method after -->
              <div class="configuration-method before">
                <span class="method-name">browse(https://gps.thegoldenelement.com/)</span>
                <span class="method-start">205608 ms</span>
              </div> <!-- configuration-method before -->
              <div class="test-method">
                <span class="method-name">English_and_Arabic_Login_RememeberMe(demo, demo-ca, 12345)</span>
                <span class="method-start">223034 ms</span>
              </div> <!-- test-method -->
              <div class="configuration-method after">
                <span class="method-name">closee</span>
                <span class="method-start">247241 ms</span>
              </div> <!-- configuration-method after -->
              <div class="configuration-method before">
                <span class="method-name">browse(https://gps.thegoldenelement.com/)</span>
                <span class="method-start">247952 ms</span>
              </div> <!-- configuration-method before -->
              <div class="test-method">
                <img src="failed.png">
                </img>
                <span class="method-name">English_and_Arabic_ForgetPassword_with_incorrect_Corporate_ID_or_User_name(AAAA, demo-ca, Jagadeshan@eitworks.com)</span>
                <span class="method-start">266164 ms</span>
              </div> <!-- test-method -->
              <div class="configuration-method after">
                <span class="method-name">closee</span>
                <span class="method-start">269153 ms</span>
              </div> <!-- configuration-method after -->
              <div class="configuration-method before">
                <span class="method-name">browse(https://gps.thegoldenelement.com/)</span>
                <span class="method-start">269836 ms</span>
              </div> <!-- configuration-method before -->
              <div class="test-method">
                <img src="failed.png">
                </img>
                <span class="method-name">English_and_Arabic_ForgetPassword_with_incorrect_Corporate_ID_or_User_name(AAAA, demo-ca, Jagadeshan@eitworks.com)</span>
                <span class="method-start">289141 ms</span>
              </div> <!-- test-method -->
              <div class="configuration-method after">
                <span class="method-name">closee</span>
                <span class="method-start">292277 ms</span>
              </div> <!-- configuration-method after -->
              <div class="configuration-method before">
                <span class="method-name">browse(https://gps.thegoldenelement.com/)</span>
                <span class="method-start">292965 ms</span>
              </div> <!-- configuration-method before -->
              <div class="test-method">
                <img src="failed.png">
                </img>
                <span class="method-name">English_Forget_password_Entering_invalid_Email_ID_and_clicking_Submit_button_3_times_sequentially_and_after_that_enter_valid_Email_Id_and_click_Submit_enter_the_received_password_and_Click_login(demo, demo-ca, Jagadeshan@eitworks.com)</span>
                <span class="method-start">311977 ms</span>
              </div> <!-- test-method -->
              <div class="configuration-method after">
                <span class="method-name">closee</span>
                <span class="method-start">315376 ms</span>
              </div> <!-- configuration-method after -->
              <div class="configuration-method before">
                <span class="method-name">browse(https://gps.thegoldenelement.com/)</span>
                <span class="method-start">316068 ms</span>
              </div> <!-- configuration-method before -->
              <div class="test-method">
                <img src="failed.png">
                </img>
                <span class="method-name">English_Forget_password_Entering_invalid_Email_ID_and_clicking_Submit_button_3_times_sequentially_and_after_that_enter_valid_Email_Id_and_click_Submit_enter_the_received_password_and_Click_login(demo, demo-ca, Jagadeshan@eitworks.com)</span>
                <span class="method-start">335938 ms</span>
              </div> <!-- test-method -->
              <div class="configuration-method after">
                <span class="method-name">closee</span>
                <span class="method-start">338943 ms</span>
              </div> <!-- configuration-method after -->
              <div class="configuration-method before">
                <span class="method-name">browse(https://gps.thegoldenelement.com/)</span>
                <span class="method-start">339632 ms</span>
              </div> <!-- configuration-method before -->
              <div class="test-method">
                <img src="failed.png">
                </img>
                <span class="method-name">Arabic_Forget_password_Entering_invalid_Email_ID_and_clicking_Submit_button_3_times_sequentially_and_after_that_enter_valid_Email_Id_and_click_Submit_enter_the_received_password_and_Click_login(demo, demo-ca, Jagadeshan@eitworks.com)</span>
                <span class="method-start">358282 ms</span>
              </div> <!-- test-method -->
              <div class="configuration-method after">
                <span class="method-name">closee</span>
                <span class="method-start">361633 ms</span>
              </div> <!-- configuration-method after -->
              <div class="configuration-method before">
                <span class="method-name">browse(https://gps.thegoldenelement.com/)</span>
                <span class="method-start">362301 ms</span>
              </div> <!-- configuration-method before -->
              <div class="test-method">
                <img src="failed.png">
                </img>
                <span class="method-name">Arabic_Forget_password_Entering_invalid_Email_ID_and_clicking_Submit_button_3_times_sequentially_and_after_that_enter_valid_Email_Id_and_click_Submit_enter_the_received_password_and_Click_login(demo, demo-ca, Jagadeshan@eitworks.com)</span>
                <span class="method-start">381223 ms</span>
              </div> <!-- test-method -->
              <div class="configuration-method after">
                <span class="method-name">closee</span>
                <span class="method-start">383559 ms</span>
              </div> <!-- configuration-method after -->
          </div> <!-- main-panel-content rounded-window-bottom -->
        </div> <!-- panel -->
      </div> <!-- main-panel-root -->
    </div> <!-- wrapper -->
  </body>
</html>
